"C:/Users/thomas.bugden/Documents/GitHub/NoLiftNoLove/Content/mirror.uasset" 0
"C:/Users/thomas.bugden/Documents/GitHub/NoLiftNoLove/Content/Audio/Ding.uasset" 1
"C:/Users/thomas.bugden/Documents/GitHub/NoLiftNoLove/Content/Geometry/Meshes/CubeMaterial.uasset" 2
"C:/Users/thomas.bugden/Documents/GitHub/NoLiftNoLove/Content/Geometry/Meshes/1M_Cube_Chamfer.uasset" 3
"C:/Users/thomas.bugden/Documents/GitHub/NoLiftNoLove/Content/imported/Images/HOME_.uasset" 4
"C:/Users/thomas.bugden/Documents/GitHub/NoLiftNoLove/Content/imported/Images/HOME__copy_2.uasset" 5
"C:/Users/thomas.bugden/Documents/GitHub/NoLiftNoLove/Content/imported/Images/ImageToUse.uasset" 6
"C:/Users/thomas.bugden/Documents/GitHub/NoLiftNoLove/Content/imported/Images/RETRY-1.uasset" 7
"C:/Users/thomas.bugden/Documents/GitHub/NoLiftNoLove/Content/imported/Images/RETRY.uasset" 8
"C:/Users/thomas.bugden/Documents/GitHub/NoLiftNoLove/Content/imported/Images/you_lose.uasset" 9
"C:/Users/thomas.bugden/Documents/GitHub/NoLiftNoLove/Content/imported/material/bumbellBench_bumbellBench_initialShadingGroup_OcclusionRoughnessMetallic.uasset" 10
"C:/Users/thomas.bugden/Documents/GitHub/NoLiftNoLove/Content/imported/material/threadmill_initialShadingGroup_Normal.uasset" 11
"C:/Users/thomas.bugden/Documents/GitHub/NoLiftNoLove/Content/imported/material/threadmill_initialShadingGroup_OcclusionRoughnessMetallic.uasset" 12
"../../../Engine/Content/Functions/Engine_MaterialFunctions01/Opacity/CameraDepthFade.uasset" 13
"../../../Engine/Content/EngineMaterials/T_Default_Material_Grid_M.uasset" 14
"../../../Engine/Content/EngineMaterials/T_Default_Material_Grid_N.uasset" 15
"../../../Engine/Content/EngineMaterials/WorldGridMaterial.uasset" 16
"C:/Users/thomas.bugden/Documents/GitHub/NoLiftNoLove/Content/imported/meshes/Enviro/equipment/barbell_barbells_equipment_barbell4.uasset" 17
"C:/Users/thomas.bugden/Documents/GitHub/NoLiftNoLove/Content/imported/material/bumbellBench_bumbellBench_initialShadingGroup_BaseColor.uasset" 18
"C:/Users/thomas.bugden/Documents/GitHub/NoLiftNoLove/Content/imported/material/bumbell.uasset" 19
"C:/Users/thomas.bugden/Documents/GitHub/NoLiftNoLove/Content/imported/meshes/Enviro/equipment/dumbells_dumbell3_dumbell_equipment.uasset" 20
"C:/Users/thomas.bugden/Documents/GitHub/NoLiftNoLove/Content/imported/meshes/Enviro/equipment/dumbells_dumbell3_dumbell_equipments.uasset" 21
"C:/Users/thomas.bugden/Documents/GitHub/NoLiftNoLove/Content/imported/meshes/Enviro/equipment/dumbells_dumbell_equipment_cocobell.uasset" 22
"C:/Users/thomas.bugden/Documents/GitHub/NoLiftNoLove/Content/imported/meshes/Enviro/equipment/dumbells_dumbell_equipments_cocobell.uasset" 23
"C:/Users/thomas.bugden/Documents/GitHub/NoLiftNoLove/Content/imported/meshes/Enviro/equipment/dumbells_dumbell_equipment_dumbell1.uasset" 24
"C:/Users/thomas.bugden/Documents/GitHub/NoLiftNoLove/Content/imported/meshes/Enviro/equipment/dumbells_dumbell_equipments_dumbell1.uasset" 25
"C:/Users/thomas.bugden/Documents/GitHub/NoLiftNoLove/Content/imported/meshes/Enviro/equipment/dumbells_dumbell_equipment_dumbell2.uasset" 26
"C:/Users/thomas.bugden/Documents/GitHub/NoLiftNoLove/Content/imported/meshes/Enviro/equipment/dumbells_dumbell_equipments_dumbell2.uasset" 27
"C:/Users/thomas.bugden/Documents/GitHub/NoLiftNoLove/Content/imported/meshes/Enviro/equipment/dumbells_dumbell_equipment_dumbell4.uasset" 28
"C:/Users/thomas.bugden/Documents/GitHub/NoLiftNoLove/Content/imported/meshes/Enviro/equipment/dumbells_dumbell_equipments_dumbell4.uasset" 29
"C:/Users/thomas.bugden/Documents/GitHub/NoLiftNoLove/Content/imported/meshes/Enviro/equipment/dumbells_dumbell_equipment_dumbell5.uasset" 30
"C:/Users/thomas.bugden/Documents/GitHub/NoLiftNoLove/Content/imported/meshes/Enviro/equipment/dumbells_dumbell_equipments_dumbell5.uasset" 31
"C:/Users/thomas.bugden/Documents/GitHub/NoLiftNoLove/Content/imported/meshes/Enviro/equipment/dumbells_dumbell_equipment_dumbell6.uasset" 32
"C:/Users/thomas.bugden/Documents/GitHub/NoLiftNoLove/Content/imported/meshes/Enviro/equipment/dumbells_dumbell_equipments_dumbell6.uasset" 33
"C:/Users/thomas.bugden/Documents/GitHub/NoLiftNoLove/Content/imported/meshes/Enviro/gym/gym_gym_mirror.uasset" 34
"C:/Users/thomas.bugden/Documents/GitHub/NoLiftNoLove/Content/imported/meshes/Enviro/gym/mirror.uasset" 35
"C:/Users/thomas.bugden/Documents/GitHub/NoLiftNoLove/Content/imported/material/gym_initialShadingGroup_BaseColor.uasset" 36
"C:/Users/thomas.bugden/Documents/GitHub/NoLiftNoLove/Content/imported/material/gym_initialShadingGroup_Normal.uasset" 37
"C:/Users/thomas.bugden/Documents/GitHub/NoLiftNoLove/Content/imported/material/gym_initialShadingGroup_OcclusionRoughnessMetallic.uasset" 38
"C:/Users/thomas.bugden/Documents/GitHub/NoLiftNoLove/Content/imported/material/gym.uasset" 39
"C:/Users/thomas.bugden/Documents/GitHub/NoLiftNoLove/Content/imported/texture/gym.uasset" 40
"C:/Users/thomas.bugden/Documents/GitHub/NoLiftNoLove/Content/imported/texture/gym_initialShadingGroup_BaseColor.uasset" 41
"C:/Users/thomas.bugden/Documents/GitHub/NoLiftNoLove/Content/imported/texture/gym_initialShadingGroup_Normal.uasset" 42
"C:/Users/thomas.bugden/Documents/GitHub/NoLiftNoLove/Content/imported/texture/gym_initialShadingGroup_OcclusionRoughnessMetallic.uasset" 43
"C:/Users/thomas.bugden/Documents/GitHub/NoLiftNoLove/Content/imported/material/light.uasset" 44
"C:/Users/thomas.bugden/Documents/GitHub/NoLiftNoLove/Content/imported/texture/light.uasset" 45
"C:/Users/thomas.bugden/Documents/GitHub/NoLiftNoLove/Content/imported/material/floor.uasset" 46
"C:/Users/thomas.bugden/Documents/GitHub/NoLiftNoLove/Content/imported/texture/mirror.uasset" 47
"C:/Users/thomas.bugden/Documents/GitHub/NoLiftNoLove/Content/Mannequin/Character/Mesh/UE4_Mannequin_Skeleton.uasset" 48
"C:/Users/thomas.bugden/Documents/GitHub/NoLiftNoLove/Content/Mannequin/Animations/ThirdPersonJump_End.uasset" 49
"C:/Users/thomas.bugden/Documents/GitHub/NoLiftNoLove/Content/Mannequin/Animations/ThirdPerson_Jump.uasset" 50
"C:/Users/thomas.bugden/Documents/GitHub/NoLiftNoLove/Content/Mannequin/Animations/ThirdPersonJump_Loop.uasset" 51
"C:/Users/thomas.bugden/Documents/GitHub/NoLiftNoLove/Content/Mannequin/Animations/ThirdPersonJump_Start.uasset" 52
"C:/Users/thomas.bugden/Documents/GitHub/NoLiftNoLove/Content/Mannequin/Animations/ThirdPersonIdle.uasset" 53
"C:/Users/thomas.bugden/Documents/GitHub/NoLiftNoLove/Content/Mannequin/Animations/ThirdPersonRun.uasset" 54
"C:/Users/thomas.bugden/Documents/GitHub/NoLiftNoLove/Content/Mannequin/Animations/ThirdPersonWalk.uasset" 55
"C:/Users/thomas.bugden/Documents/GitHub/NoLiftNoLove/Content/Mannequin/Animations/ThirdPerson_IdleRun_2D.uasset" 56
"../../../Engine/Content/EditorBlueprintResources/StandardMacros.uasset" 57
"C:/Users/thomas.bugden/Documents/GitHub/NoLiftNoLove/Content/Mannequin/Animations/ThirdPerson_AnimBP.uasset" 58
"../../../Engine/Content/Functions/Engine_MaterialFunctions02/Utility/BlendAngleCorrectedNormals.uasset" 59
"../../../Engine/Content/Functions/MaterialLayerFunctions/MatLayerBlend_NormalBlend.uasset" 60
"../../../Engine/Content/Functions/MaterialLayerFunctions/MatLayerBlend_Simple.uasset" 61
"C:/Users/thomas.bugden/Documents/GitHub/NoLiftNoLove/Content/Mannequin/Character/Materials/MaterialLayers/T_ML_Rubber_Blue_01_D.uasset" 62
"C:/Users/thomas.bugden/Documents/GitHub/NoLiftNoLove/Content/Mannequin/Character/Materials/MaterialLayers/T_ML_Rubber_Blue_01_N.uasset" 63
"C:/Users/thomas.bugden/Documents/GitHub/NoLiftNoLove/Content/Mannequin/Character/Materials/MaterialLayers/ML_GlossyBlack_Latex_UE4.uasset" 64
"C:/Users/thomas.bugden/Documents/GitHub/NoLiftNoLove/Content/Mannequin/Character/Materials/MaterialLayers/ML_Plastic_Shiny_Beige.uasset" 65
"C:/Users/thomas.bugden/Documents/GitHub/NoLiftNoLove/Content/Mannequin/Character/Textures/UE4_LOGO_CARD.uasset" 66
"C:/Users/thomas.bugden/Documents/GitHub/NoLiftNoLove/Content/Mannequin/Character/Materials/MaterialLayers/ML_Plastic_Shiny_Beige_LOGO.uasset" 67
"C:/Users/thomas.bugden/Documents/GitHub/NoLiftNoLove/Content/Mannequin/Character/Materials/MaterialLayers/T_ML_Aluminum01.uasset" 68
"C:/Users/thomas.bugden/Documents/GitHub/NoLiftNoLove/Content/Mannequin/Character/Materials/MaterialLayers/T_ML_Aluminum01_N.uasset" 69
"C:/Users/thomas.bugden/Documents/GitHub/NoLiftNoLove/Content/Mannequin/Character/Materials/MaterialLayers/ML_SoftMetal_UE4.uasset" 70
"C:/Users/thomas.bugden/Documents/GitHub/NoLiftNoLove/Content/Mannequin/Character/Textures/UE4_Mannequin__normals.uasset" 71
"C:/Users/thomas.bugden/Documents/GitHub/NoLiftNoLove/Content/Mannequin/Character/Textures/UE4_Mannequin_MAT_MASKA.uasset" 72
"C:/Users/thomas.bugden/Documents/GitHub/NoLiftNoLove/Content/Mannequin/Character/Materials/M_UE4Man_Body.uasset" 73
"C:/Users/thomas.bugden/Documents/GitHub/NoLiftNoLove/Content/Mannequin/Character/Textures/UE4Man_Logo_N.uasset" 74
"C:/Users/thomas.bugden/Documents/GitHub/NoLiftNoLove/Content/Mannequin/Character/Materials/M_UE4Man_ChestLogo.uasset" 75
"C:/Users/thomas.bugden/Documents/GitHub/NoLiftNoLove/Content/Mannequin/Character/Mesh/SK_Mannequin_PhysicsAsset.uasset" 76
"C:/Users/thomas.bugden/Documents/GitHub/NoLiftNoLove/Content/Mannequin/Character/Mesh/SK_Mannequin.uasset" 77
"C:/Users/thomas.bugden/Documents/GitHub/NoLiftNoLove/Content/SideScrollerCPP/SideScrollerOverview.uasset" 78
"C:/Users/thomas.bugden/Documents/GitHub/NoLiftNoLove/Content/Audio/DingDumbbellGrunt1.uasset" 79
"C:/Users/thomas.bugden/Documents/GitHub/NoLiftNoLove/Content/Audio/DingGrunt1.uasset" 80
"C:/Users/thomas.bugden/Documents/GitHub/NoLiftNoLove/Content/Audio/DumbbellGrunt.uasset" 81
"C:/Users/thomas.bugden/Documents/GitHub/NoLiftNoLove/Content/Audio/Foot1.uasset" 82
"C:/Users/thomas.bugden/Documents/GitHub/NoLiftNoLove/Content/Audio/Foot2.uasset" 83
"C:/Users/thomas.bugden/Documents/GitHub/NoLiftNoLove/Content/Audio/Grunt1.uasset" 84
"C:/Users/thomas.bugden/Documents/GitHub/NoLiftNoLove/Content/Sprites/RippedBoy/LiftIdle.uasset" 85
"C:/Users/thomas.bugden/Documents/GitHub/NoLiftNoLove/Content/Sprites/RippedBoy/LiftIdle_Sprite.uasset" 86
"C:/Users/thomas.bugden/Documents/GitHub/NoLiftNoLove/Content/Sprites/RippedBoy/LiftIdle_Flipbook.uasset" 87
"C:/Users/thomas.bugden/Documents/GitHub/NoLiftNoLove/Content/Sprites/RippedBoy/LiftSeq.uasset" 88
"C:/Users/thomas.bugden/Documents/GitHub/NoLiftNoLove/Content/Sprites/RippedBoy/LiftSeq_Sprite_0.uasset" 89
"C:/Users/thomas.bugden/Documents/GitHub/NoLiftNoLove/Content/Sprites/RippedBoy/LiftSeq_Sprite_1.uasset" 90
"C:/Users/thomas.bugden/Documents/GitHub/NoLiftNoLove/Content/Sprites/RippedBoy/LiftSeq_Sprite_2.uasset" 91
"C:/Users/thomas.bugden/Documents/GitHub/NoLiftNoLove/Content/Sprites/RippedBoy/LiftSeq_Sprite_3.uasset" 92
"C:/Users/thomas.bugden/Documents/GitHub/NoLiftNoLove/Content/Sprites/RippedBoy/LiftSeq_Sprite_4.uasset" 93
"C:/Users/thomas.bugden/Documents/GitHub/NoLiftNoLove/Content/Sprites/RippedBoy/LiftSeq1.uasset" 94
"C:/Users/thomas.bugden/Documents/GitHub/NoLiftNoLove/Content/Sprites/RippedBoy/LiftSeqDown.uasset" 95
"C:/Users/thomas.bugden/Documents/GitHub/NoLiftNoLove/Content/Sprites/SkinnyBoy/SkinnyBarbellIdle.uasset" 96
"C:/Users/thomas.bugden/Documents/GitHub/NoLiftNoLove/Content/Sprites/SkinnyBoy/SkinnyBarbellIdle_Sprite.uasset" 97
"C:/Users/thomas.bugden/Documents/GitHub/NoLiftNoLove/Content/Sprites/SkinnyBoy/SkinnyBarbellIdle_Flipbook.uasset" 98
"C:/Users/thomas.bugden/Documents/GitHub/NoLiftNoLove/Content/Sprites/SkinnyBoy/SkinnyBarbellRaise.uasset" 99
"C:/Users/thomas.bugden/Documents/GitHub/NoLiftNoLove/Content/Sprites/SkinnyBoy/SkinnyBarbellRaise_Sprite_0.uasset" 100
"C:/Users/thomas.bugden/Documents/GitHub/NoLiftNoLove/Content/Sprites/SkinnyBoy/SkinnyBarbellRest.uasset" 101
"C:/Users/thomas.bugden/Documents/GitHub/NoLiftNoLove/Content/Sprites/SkinnyBoy/SkinnyBarbellRaise_Sprite_1.uasset" 102
"C:/Users/thomas.bugden/Documents/GitHub/NoLiftNoLove/Content/Sprites/SkinnyBoy/SkinnyBarbellRaise_Sprite_2.uasset" 103
"C:/Users/thomas.bugden/Documents/GitHub/NoLiftNoLove/Content/Sprites/SkinnyBoy/SkinnyBarbellRaise_Sprite_3.uasset" 104
"C:/Users/thomas.bugden/Documents/GitHub/NoLiftNoLove/Content/Sprites/SkinnyBoy/SkinnyBarLiftDown.uasset" 105
"C:/Users/thomas.bugden/Documents/GitHub/NoLiftNoLove/Content/Sprites/SkinnyBoy/SkinnyBarbellRaise_Sprite_4.uasset" 106
"C:/Users/thomas.bugden/Documents/GitHub/NoLiftNoLove/Content/Sprites/SkinnyBoy/SkinnyBarLiftHold.uasset" 107
"C:/Users/thomas.bugden/Documents/GitHub/NoLiftNoLove/Content/Sprites/SkinnyBoy/SkinnyBarLiftUp.uasset" 108
"C:/Users/thomas.bugden/Documents/GitHub/NoLiftNoLove/Content/Sprites/SkinnyBoy/SkinnyDumbbell.uasset" 109
"C:/Users/thomas.bugden/Documents/GitHub/NoLiftNoLove/Content/Sprites/SkinnyBoy/SkinnyDumbbell_Sprite_2.uasset" 110
"C:/Users/thomas.bugden/Documents/GitHub/NoLiftNoLove/Content/Sprites/SkinnyBoy/SkinnyDumbbellHold.uasset" 111
"C:/Users/thomas.bugden/Documents/GitHub/NoLiftNoLove/Content/Sprites/SkinnyBoy/SkinnyDumbbell_Sprite_0.uasset" 112
"C:/Users/thomas.bugden/Documents/GitHub/NoLiftNoLove/Content/Sprites/SkinnyBoy/SkinnyDumbbellIdle.uasset" 113
"C:/Users/thomas.bugden/Documents/GitHub/NoLiftNoLove/Content/Sprites/SkinnyBoy/SkinnyDumbbell_Sprite_1.uasset" 114
"C:/Users/thomas.bugden/Documents/GitHub/NoLiftNoLove/Content/Sprites/SkinnyBoy/SkinnyDumbbellLiftLower.uasset" 115
"C:/Users/thomas.bugden/Documents/GitHub/NoLiftNoLove/Content/Sprites/SkinnyBoy/SkinnyDumbbellLiftUp.uasset" 116
"C:/Users/thomas.bugden/Documents/GitHub/NoLiftNoLove/Content/Sprites/SkinnyBoy/SkinnyIdle.uasset" 117
"C:/Users/thomas.bugden/Documents/GitHub/NoLiftNoLove/Content/Sprites/SkinnyBoy/SkinnyIdle_Sprite.uasset" 118
"C:/Users/thomas.bugden/Documents/GitHub/NoLiftNoLove/Content/Sprites/SkinnyBoy/SkinnyIdle_Flipbook.uasset" 119
"C:/Users/thomas.bugden/Documents/GitHub/NoLiftNoLove/Content/Sprites/SkinnyBoy/SkinnyWalk.uasset" 120
"C:/Users/thomas.bugden/Documents/GitHub/NoLiftNoLove/Content/Sprites/SkinnyBoy/SkinnyWalk_Sprite_0.uasset" 121
"C:/Users/thomas.bugden/Documents/GitHub/NoLiftNoLove/Content/Sprites/SkinnyBoy/SkinnyWalk_Sprite_1.uasset" 122
"C:/Users/thomas.bugden/Documents/GitHub/NoLiftNoLove/Content/Sprites/SkinnyBoy/SkinnyWalk1.uasset" 123
"C:/Users/thomas.bugden/Documents/GitHub/NoLiftNoLove/Content/SideScrollerCPP/Blueprints/BP_NoLiftNoLoveCharacter.uasset" 124
"C:/Users/thomas.bugden/Documents/GitHub/NoLiftNoLove/Content/SideScrollerCPP/Blueprints/SideScrollerCharacter.uasset" 125
"C:/Users/thomas.bugden/Documents/GitHub/NoLiftNoLove/Content/SideScrollerCPP/Blueprints/UI/Credit.uasset" 126
"C:/Users/thomas.bugden/Documents/GitHub/NoLiftNoLove/Content/SideScrollerCPP/Sprite/TemplaDefender/human.uasset" 127
"C:/Users/thomas.bugden/Documents/GitHub/NoLiftNoLove/Content/SideScrollerCPP/Sprite/TemplaDefender/human_attack.uasset" 128
"C:/Users/thomas.bugden/Documents/GitHub/NoLiftNoLove/Content/SideScrollerCPP/Sprite/TemplaDefender/human_attack1.uasset" 129
"C:/Users/thomas.bugden/Documents/GitHub/NoLiftNoLove/Content/SideScrollerCPP/Sprite/TemplaDefender/human_attack_Sprite_0.uasset" 130
"C:/Users/thomas.bugden/Documents/GitHub/NoLiftNoLove/Content/SideScrollerCPP/Sprite/TemplaDefender/human_attack_Sprite_1.uasset" 131
"C:/Users/thomas.bugden/Documents/GitHub/NoLiftNoLove/Content/SideScrollerCPP/Sprite/TemplaDefender/human_attack_Sprite_2.uasset" 132
"C:/Users/thomas.bugden/Documents/GitHub/NoLiftNoLove/Content/SideScrollerCPP/Sprite/TemplaDefender/human_death.uasset" 133
"C:/Users/thomas.bugden/Documents/GitHub/NoLiftNoLove/Content/SideScrollerCPP/Sprite/TemplaDefender/human_death1.uasset" 134
"C:/Users/thomas.bugden/Documents/GitHub/NoLiftNoLove/Content/SideScrollerCPP/Sprite/TemplaDefender/human_death_Sprite_0.uasset" 135
"C:/Users/thomas.bugden/Documents/GitHub/NoLiftNoLove/Content/SideScrollerCPP/Sprite/TemplaDefender/human_death_Sprite_1.uasset" 136
"C:/Users/thomas.bugden/Documents/GitHub/NoLiftNoLove/Content/SideScrollerCPP/Sprite/TemplaDefender/human_death_Sprite_2.uasset" 137
"C:/Users/thomas.bugden/Documents/GitHub/NoLiftNoLove/Content/SideScrollerCPP/Sprite/TemplaDefender/human_death_Sprite_3.uasset" 138
"C:/Users/thomas.bugden/Documents/GitHub/NoLiftNoLove/Content/SideScrollerCPP/Sprite/TemplaDefender/human_death_Sprite_4.uasset" 139
"C:/Users/thomas.bugden/Documents/GitHub/NoLiftNoLove/Content/SideScrollerCPP/Sprite/TemplaDefender/human_Flipbook.uasset" 140
"C:/Users/thomas.bugden/Documents/GitHub/NoLiftNoLove/Content/SideScrollerCPP/Sprite/TemplaDefender/human_run.uasset" 141
"C:/Users/thomas.bugden/Documents/GitHub/NoLiftNoLove/Content/SideScrollerCPP/Sprite/TemplaDefender/human_run1.uasset" 142
"C:/Users/thomas.bugden/Documents/GitHub/NoLiftNoLove/Content/SideScrollerCPP/Sprite/TemplaDefender/human_run_Sprite_0.uasset" 143
"C:/Users/thomas.bugden/Documents/GitHub/NoLiftNoLove/Content/SideScrollerCPP/Sprite/TemplaDefender/human_run_Sprite_1.uasset" 144
"C:/Users/thomas.bugden/Documents/GitHub/NoLiftNoLove/Content/SideScrollerCPP/Sprite/TemplaDefender/human_run_Sprite_2.uasset" 145
"C:/Users/thomas.bugden/Documents/GitHub/NoLiftNoLove/Content/SideScrollerCPP/Sprite/TemplaDefender/human_run_Sprite_3.uasset" 146
"C:/Users/thomas.bugden/Documents/GitHub/NoLiftNoLove/Content/SideScrollerCPP/Sprite/TemplaDefender/human_Sprite.uasset" 147
"C:/Users/thomas.bugden/Documents/GitHub/NoLiftNoLove/Content/SideScrollerCPP/Sprite/TemplaDefender/Angel/Angel.uasset" 148
"C:/Users/thomas.bugden/Documents/GitHub/NoLiftNoLove/Content/SideScrollerCPP/Sprite/TemplaDefender/Angel/Angel_attack.uasset" 149
"C:/Users/thomas.bugden/Documents/GitHub/NoLiftNoLove/Content/SideScrollerCPP/Sprite/TemplaDefender/Angel/Angel_attack_Sprite_0.uasset" 150
"C:/Users/thomas.bugden/Documents/GitHub/NoLiftNoLove/Content/SideScrollerCPP/Sprite/TemplaDefender/Angel/Angel_attack_Sprite_1.uasset" 151
"C:/Users/thomas.bugden/Documents/GitHub/NoLiftNoLove/Content/SideScrollerCPP/Sprite/TemplaDefender/Angel/Angel_attack_Sprite_2.uasset" 152
"C:/Users/thomas.bugden/Documents/GitHub/NoLiftNoLove/Content/SideScrollerCPP/Sprite/TemplaDefender/Angel/Angel_attack2.uasset" 153
"C:/Users/thomas.bugden/Documents/GitHub/NoLiftNoLove/Content/SideScrollerCPP/Sprite/TemplaDefender/Angel/Angel_attack1.uasset" 154
"C:/Users/thomas.bugden/Documents/GitHub/NoLiftNoLove/Content/SideScrollerCPP/Sprite/TemplaDefender/Angel/Angel_death.uasset" 155
"C:/Users/thomas.bugden/Documents/GitHub/NoLiftNoLove/Content/SideScrollerCPP/Sprite/TemplaDefender/Angel/Angel_death_Sprite_0.uasset" 156
"C:/Users/thomas.bugden/Documents/GitHub/NoLiftNoLove/Content/SideScrollerCPP/Sprite/TemplaDefender/Angel/Angel_death_Sprite_1.uasset" 157
"C:/Users/thomas.bugden/Documents/GitHub/NoLiftNoLove/Content/SideScrollerCPP/Sprite/TemplaDefender/Angel/Angel_death_Sprite_2.uasset" 158
"C:/Users/thomas.bugden/Documents/GitHub/NoLiftNoLove/Content/SideScrollerCPP/Sprite/TemplaDefender/Angel/Angel_death_Sprite_3.uasset" 159
"C:/Users/thomas.bugden/Documents/GitHub/NoLiftNoLove/Content/SideScrollerCPP/Sprite/TemplaDefender/Angel/Angel_death2.uasset" 160
"C:/Users/thomas.bugden/Documents/GitHub/NoLiftNoLove/Content/SideScrollerCPP/Sprite/TemplaDefender/Angel/Angel_death1.uasset" 161
"C:/Users/thomas.bugden/Documents/GitHub/NoLiftNoLove/Content/SideScrollerCPP/Sprite/TemplaDefender/Angel/Angel_Flipbook.uasset" 162
"C:/Users/thomas.bugden/Documents/GitHub/NoLiftNoLove/Content/SideScrollerCPP/Sprite/TemplaDefender/Angel/Angel_run.uasset" 163
"C:/Users/thomas.bugden/Documents/GitHub/NoLiftNoLove/Content/SideScrollerCPP/Sprite/TemplaDefender/Angel/Angel_run_Sprite_0.uasset" 164
"C:/Users/thomas.bugden/Documents/GitHub/NoLiftNoLove/Content/SideScrollerCPP/Sprite/TemplaDefender/Angel/Angel_run_Sprite_1.uasset" 165
"C:/Users/thomas.bugden/Documents/GitHub/NoLiftNoLove/Content/SideScrollerCPP/Sprite/TemplaDefender/Angel/Angel_run_Sprite_2.uasset" 166
"C:/Users/thomas.bugden/Documents/GitHub/NoLiftNoLove/Content/SideScrollerCPP/Sprite/TemplaDefender/Angel/Angel_run_Sprite_3.uasset" 167
"C:/Users/thomas.bugden/Documents/GitHub/NoLiftNoLove/Content/SideScrollerCPP/Sprite/TemplaDefender/Angel/Angel_run2.uasset" 168
"C:/Users/thomas.bugden/Documents/GitHub/NoLiftNoLove/Content/SideScrollerCPP/Sprite/TemplaDefender/Angel/Angel_run1.uasset" 169
"C:/Users/thomas.bugden/Documents/GitHub/NoLiftNoLove/Content/SideScrollerCPP/Sprite/TemplaDefender/Angel/Angel_Sprite.uasset" 170
"C:/Users/thomas.bugden/Documents/GitHub/NoLiftNoLove/Content/Sprites/Cinematic/Cinematic0.uasset" 171
"C:/Users/thomas.bugden/Documents/GitHub/NoLiftNoLove/Content/Sprites/Cinematic/Cinematic2.uasset" 172
"C:/Users/thomas.bugden/Documents/GitHub/NoLiftNoLove/Content/Sprites/Cinematic/Cinematic3.uasset" 173
"C:/Users/thomas.bugden/Documents/GitHub/NoLiftNoLove/Content/Sprites/Cinematic/Cinematic4.uasset" 174
"C:/Users/thomas.bugden/Documents/GitHub/NoLiftNoLove/Content/Sprites/Cinematic/backgroundGym.uasset" 175
"C:/Users/thomas.bugden/Documents/GitHub/NoLiftNoLove/Content/Sprites/Cinematic/Cinematic_Sprite_0.uasset" 176
"C:/Users/thomas.bugden/Documents/GitHub/NoLiftNoLove/Content/Sprites/Cinematic/scene1.uasset" 177
"C:/Users/thomas.bugden/Documents/GitHub/NoLiftNoLove/Content/Sprites/Cinematic/Cinematic_Sprite_1.uasset" 178
"C:/Users/thomas.bugden/Documents/GitHub/NoLiftNoLove/Content/Sprites/Cinematic/scene2.uasset" 179
"C:/Users/thomas.bugden/Documents/GitHub/NoLiftNoLove/Content/Sprites/Cinematic/Cinematic_Sprite_2.uasset" 180
"C:/Users/thomas.bugden/Documents/GitHub/NoLiftNoLove/Content/Sprites/Cinematic/scene3.uasset" 181
"C:/Users/thomas.bugden/Documents/GitHub/NoLiftNoLove/Content/Sprites/Cinematic/Cinematic_Sprite_3.uasset" 182
"C:/Users/thomas.bugden/Documents/GitHub/NoLiftNoLove/Content/Sprites/Cinematic/scene4.uasset" 183
"C:/Users/thomas.bugden/Documents/GitHub/NoLiftNoLove/Content/Sprites/Cinematic/Cinematic_Sprite_4.uasset" 184
"C:/Users/thomas.bugden/Documents/GitHub/NoLiftNoLove/Content/Sprites/Cinematic/Cinematic.uasset" 185
"C:/Users/thomas.bugden/Documents/GitHub/NoLiftNoLove/Content/Sprites/Cinematic/backup/Cinematic_Sprite_5.uasset" 186
"C:/Users/thomas.bugden/Documents/GitHub/NoLiftNoLove/Content/Sprites/Cinematic/backup/Cinematic_Sprite_6.uasset" 187
"C:/Users/thomas.bugden/Documents/GitHub/NoLiftNoLove/Content/Sprites/Cinematic/backup/Cinematic_Sprite_7.uasset" 188
"C:/Users/thomas.bugden/Documents/GitHub/NoLiftNoLove/Content/Sprites/Cinematic/backup/Cinematic_Sprite_8.uasset" 189
"C:/Users/thomas.bugden/Documents/GitHub/NoLiftNoLove/Content/Sprites/Cinematic/backup/Cinematic_Sprite_9.uasset" 190
"C:/Users/thomas.bugden/Documents/GitHub/NoLiftNoLove/Content/Sprites/RippedBoy/RippedIdle.uasset" 191
"C:/Users/thomas.bugden/Documents/GitHub/NoLiftNoLove/Content/Sprites/RippedBoy/RippedIdle_Sprite_0.uasset" 192
"C:/Users/thomas.bugden/Documents/GitHub/NoLiftNoLove/Content/Sprites/RippedBoy/RippedIdle1.uasset" 193
"C:/Users/thomas.bugden/Documents/GitHub/NoLiftNoLove/Content/Sprites/RippedBoy/RippedWalk.uasset" 194
"C:/Users/thomas.bugden/Documents/GitHub/NoLiftNoLove/Content/Sprites/RippedBoy/RippedWalk_Sprite_0.uasset" 195
"C:/Users/thomas.bugden/Documents/GitHub/NoLiftNoLove/Content/Sprites/RippedBoy/RippedWalk_Sprite_1.uasset" 196
"C:/Users/thomas.bugden/Documents/GitHub/NoLiftNoLove/Content/Sprites/RippedBoy/RippedWalk_Sprite_2.uasset" 197
"C:/Users/thomas.bugden/Documents/GitHub/NoLiftNoLove/Content/Sprites/RippedBoy/RippedWalk_Sprite_3.uasset" 198
"C:/Users/thomas.bugden/Documents/GitHub/NoLiftNoLove/Content/Sprites/RippedBoy/RippedWalk1.uasset" 199
"../../../Engine/Content/Animation/DefaultAnimCurveCompressionSettings.uasset" 200
"../../../Engine/Content/ArtTools/RenderToTexture/Meshes/S_1_Unit_Plane.uasset" 201
"../../../Engine/Content/EngineMaterials/DefaultMaterial.uasset" 202
"../../../Engine/Content/BasicShapes/Cone.uasset" 203
"../../../Engine/Content/BasicShapes/Cube.uasset" 204
"../../../Engine/Content/BasicShapes/Cylinder.uasset" 205
"../../../Engine/Content/BasicShapes/Plane.uasset" 206
"../../../Engine/Content/BasicShapes/Sphere.uasset" 207
"../../../Engine/Content/EditorLandscapeResources/DataLayer.uasset" 208
"../../../Engine/Content/EditorMaterials/GizmoMaterial.uasset" 209
"../../../Engine/Content/EditorMaterials/MAT_Groups_Toggle.uasset" 210
"../../../Engine/Content/EditorMaterials/MAT_Groups_Visibility.uasset" 211
"../../../Engine/Content/EditorMaterials/PreviewShadowIndicator.uasset" 212
"../../../Engine/Content/EditorMaterials/PreviewShadowIndicatorMaterial.uasset" 213
"../../../Engine/Content/EditorMaterials/MatineeGroups/MAT_ColorTrack.uasset" 214
"../../../Engine/Content/EditorMaterials/MatineeGroups/MAT_Groups_Anim.uasset" 215
"../../../Engine/Content/EditorMaterials/MatineeGroups/MAT_Groups_AudioMaster.uasset" 216
"../../../Engine/Content/EditorMaterials/MatineeGroups/MAT_Groups_Director.uasset" 217
"../../../Engine/Content/EditorMaterials/MatineeGroups/MAT_Groups_Event.uasset" 218
"../../../Engine/Content/EditorMaterials/MatineeGroups/MAT_Groups_Fade.uasset" 219
"../../../Engine/Content/EditorMaterials/MatineeGroups/MAT_Groups_Float.uasset" 220
"../../../Engine/Content/EditorMaterials/MatineeGroups/MAT_Groups_Move.uasset" 221
"../../../Engine/Content/EditorMaterials/MatineeGroups/MAT_Groups_Slomo.uasset" 222
"../../../Engine/Content/EditorMaterials/MatineeGroups/MAT_Groups_Sound.uasset" 223
"../../../Engine/Content/EditorMaterials/MatineeGroups/MAT_Groups_Vector.uasset" 224
"../../../Engine/Content/EditorMaterials/ParticleSystems/PSysThumbnail_NoImage.uasset" 225
"../../../Engine/Content/EditorMaterials/ParticleSystems/PSysThumbnail_OOD.uasset" 226
"../../../Engine/Content/EditorMaterials/Camera/CineMat.uasset" 227
"../../../Engine/Content/EditorMaterials/Camera/MI_CineMat_Rig.uasset" 228
"../../../Engine/Content/EditorMeshes/Camera/SM_CraneRig_Arm.uasset" 229
"../../../Engine/Content/EditorMeshes/Camera/SM_CraneRig_Base.uasset" 230
"../../../Engine/Content/EditorMeshes/Camera/SM_CraneRig_Body.uasset" 231
"../../../Engine/Content/EditorMeshes/Camera/SM_CraneRig_Mount.uasset" 232
"../../../Engine/Content/EditorMeshes/Camera/SM_RailRig_Mount.uasset" 233
"../../../Engine/Content/EditorMeshes/Camera/SM_RailRig_Track.uasset" 234
"../../../Engine/Content/EditorResources/BSPVertex.uasset" 235
"../../../Engine/Content/EditorResources/EmptyActor.uasset" 236
"../../../Engine/Content/EditorResources/S_Actor.uasset" 237
"../../../Engine/Content/EditorResources/S_Note.uasset" 238
"../../../Engine/Content/EditorResources/S_Solver.uasset" 239
"../../../Engine/Content/EditorResources/S_Trigger.uasset" 240
"../../../Engine/Content/EditorResources/SequenceRecorder/Countdown.uasset" 241
"../../../Engine/Content/EditorResources/SequenceRecorder/RecordingIndicator.uasset" 242
"../../../Engine/Content/EditorSounds/Notifications/CompileFailed.uasset" 243
"../../../Engine/Content/EditorSounds/Notifications/CompileFailed_Cue.uasset" 244
"../../../Engine/Content/EditorSounds/Notifications/CompileSuccess.uasset" 245
"../../../Engine/Content/EditorSounds/Notifications/CompileStart_Cue.uasset" 246
"../../../Engine/Content/EditorSounds/Notifications/CompileSuccess_Cue.uasset" 247
"../../../Engine/Content/EngineDamageTypes/DmgTypeBP_Environmental.uasset" 248
"../../../Engine/Content/EngineDebugMaterials/HeatmapGradient.uasset" 249
"../../../Engine/Content/EngineDebugMaterials/BoneWeightMaterial.uasset" 250
"../../../Engine/Content/EngineDebugMaterials/ClothMaterial.uasset" 251
"../../../Engine/Content/EngineDebugMaterials/ClothMaterial_WF.uasset" 252
"../../../Engine/Content/EngineDebugMaterials/DebugEditorMaterial.uasset" 253
"../../../Engine/Content/EngineDebugMaterials/DebugMeshMaterial.uasset" 254
"../../../Engine/Content/EngineDebugMaterials/GeomMaterial.uasset" 255
"../../../Engine/Content/EngineDebugMaterials/M_SimpleTranslucent.uasset" 256
"../../../Engine/Content/Functions/Engine_MaterialFunctions02/Utility/CameraDirectionVector.uasset" 257
"../../../Engine/Content/EngineDebugMaterials/VolumeToRender.uasset" 258
"../../../Engine/Content/EngineDebugMaterials/M_VolumeRenderSphereTracePP.uasset" 259
"../../../Engine/Content/EngineDebugMaterials/WireframeMaterial.uasset" 260
"../../../Engine/Content/EngineFonts/Faces/RobotoBold.uasset" 261
"../../../Engine/Content/EngineFonts/Faces/RobotoBoldItalic.uasset" 262
"../../../Engine/Content/EngineFonts/Faces/RobotoItalic.uasset" 263
"../../../Engine/Content/EngineFonts/Faces/RobotoLight.uasset" 264
"../../../Engine/Content/EngineFonts/Faces/RobotoRegular.uasset" 265
"../../../Engine/Content/EngineFonts/Roboto.uasset" 266
"../../../Engine/Content/EngineMaterials/BaseFlattenDiffuseMap.uasset" 267
"../../../Engine/Content/EngineMaterials/BaseFlattenEmissiveMap.uasset" 268
"../../../Engine/Content/EngineMaterials/BaseFlattenGrayscaleMap.uasset" 269
"../../../Engine/Content/EngineMaterials/BaseFlattenNormalMap.uasset" 270
"../../../Engine/Content/EngineMaterials/BaseFlattenMaterial.uasset" 271
"../../../Engine/Content/EngineMaterials/BlueNoise.uasset" 272
"../../../Engine/Content/EngineMaterials/DefaultBloomKernel.uasset" 273
"../../../Engine/Content/EngineMaterials/DefaultBokeh.uasset" 274
"../../../Engine/Content/EngineMaterials/DefaultDiffuse.uasset" 275
"../../../Engine/Content/EngineMaterials/DefaultDeferredDecalMaterial.uasset" 276
"../../../Engine/Content/EngineMaterials/DefaultLightFunctionMaterial.uasset" 277
"../../../Engine/Content/EngineMaterials/DefaultPhysicalMaterial.uasset" 278
"../../../Engine/Content/Functions/Engine_MaterialFunctions02/Utility/BreakOutFloat2Components.uasset" 279
"../../../Engine/Content/EngineMaterials/DefaultPostProcessMaterial.uasset" 280
"../../../Engine/Content/EngineFonts/RobotoDistanceField.uasset" 281
"../../../Engine/Content/EngineMaterials/DefaultTextMaterialOpaque.uasset" 282
"../../../Engine/Content/EngineMaterials/DefaultVirtualTextureMaterial.uasset" 283
"../../../Engine/Content/EngineMaterials/DefaultWhiteGrid.uasset" 284
"../../../Engine/Content/EngineMaterials/EditorBrushMaterial.uasset" 285
"../../../Engine/Content/EngineMaterials/DefaultWhiteGrid_Low.uasset" 286
"../../../Engine/Content/EngineMaterials/EmissiveMeshMaterial.uasset" 287
"../../../Engine/Content/EngineMaterials/Good64x64TilingNoiseHighFreq.uasset" 288
"../../../Engine/Content/EngineMaterials/MiniFont.uasset" 289
"../../../Engine/Content/EngineMaterials/InvalidLightmapSettings.uasset" 290
"../../../Engine/Content/EngineMaterials/M_InvalidLightmapSettings.uasset" 291
"../../../Engine/Content/Functions/Engine_MaterialFunctions02/WorldPositionOffset/CameraOffset.uasset" 292
"../../../Engine/Content/EngineMaterials/PhAT_JointLimitMaterial.uasset" 293
"../../../Engine/Content/EngineMaterials/PreintegratedSkinBRDF.uasset" 294
"../../../Engine/Content/EngineMaterials/RemoveSurfaceMaterial.uasset" 295
"../../../Engine/Content/EngineMaterials/WeightMapPlaceholderTexture.uasset" 296
"../../../Engine/Content/EngineResources/WhiteSquareTexture.uasset" 297
"../../../Engine/Content/EngineMaterials/Widget3DPassThrough.uasset" 298
"../../../Engine/Content/EngineMaterials/Widget3DPassThrough_Masked.uasset" 299
"../../../Engine/Content/EngineMaterials/Widget3DPassThrough_Opaque.uasset" 300
"../../../Engine/Content/EngineMaterials/Widget3DPassThrough_Masked_OneSided.uasset" 301
"../../../Engine/Content/EngineMaterials/Widget3DPassThrough_Opaque_OneSided.uasset" 302
"../../../Engine/Content/EngineMaterials/Widget3DPassThrough_Translucent.uasset" 303
"../../../Engine/Content/EngineMaterials/Widget3DPassThrough_Translucent_OneSided.uasset" 304
"../../../Engine/Content/EngineMeshes/Cylinder.uasset" 305
"../../../Engine/Content/EngineMeshes/Sphere.uasset" 306
"../../../Engine/Content/EngineResources/Black.uasset" 307
"../../../Engine/Content/EngineResources/DefaultTexture.uasset" 308
"../../../Engine/Content/EngineResources/DefaultTextureCube.uasset" 309
"../../../Engine/Content/EngineResources/DefaultVolumeTexture2D.uasset" 310
"../../../Engine/Content/EngineResources/DefaultVolumeTexture.uasset" 311
"../../../Engine/Content/EngineResources/GradientTexture0.uasset" 312
"../../../Engine/Content/EngineSounds/Master.uasset" 313
"../../../Engine/Content/Functions/Engine_MaterialFunctions01/Shading/ConvertFromDiffSpec.uasset" 314
"../../../Engine/Content/Functions/Engine_MaterialFunctions01/Shading/PowerToRoughness.uasset" 315
"../../../Engine/Content/Maps/Templates/Thumbnails/Default.uasset" 316
"../../../Engine/Content/Maps/Templates/Thumbnails/VR-Basic.uasset" 317
"../../../Engine/Content/MobileResources/T_MobileControls_texture.uasset" 318
"../../../Engine/Content/MobileResources/T_MobileMenu2.uasset" 319
"../../../Engine/Content/MobileResources/HUD/AnalogHat.uasset" 320
"../../../Engine/Content/MobileResources/HUD/VirtualJoystick_Background.uasset" 321
"../../../Engine/Content/MobileResources/HUD/VirtualJoystick_Thumb.uasset" 322
"../../../Engine/Content/MobileResources/HUD/DefaultVirtualJoysticks.uasset" 323
"../../../Engine/Content/MobileResources/HUD/LeftVirtualJoystickOnly.uasset" 324
"../../../Engine/Content/MobileResources/HUD/MobileHUDButton1_off.uasset" 325
"../../../Engine/Content/MobileResources/HUD/MobileHUDButton1_on.uasset" 326
"../../../Engine/Content/MobileResources/HUD/MobileHUDButton2_off.uasset" 327
"../../../Engine/Content/MobileResources/HUD/MobileHUDButton2_on.uasset" 328
"../../../Engine/Content/MobileResources/HUD/MobileHUDButton3.uasset" 329
"../../../Engine/Content/MobileResources/HUD/MobileHUDButtonFire.uasset" 330
"../../../Engine/Content/MobileResources/HUD/MobileHUDDirectionPad.uasset" 331
"../../../Engine/Content/MobileResources/HUD/MobileHUDDirectionPad2.uasset" 332
"../../../Engine/Content/MobileResources/HUD/MobileHUDDirectionPad3.uasset" 333
"../../../Engine/Content/MobileResources/HUD/MobileHUDDirectionStick.uasset" 334
"../../../Engine/Content/MobileResources/HUD/T_Castle_ThumbstickInner.uasset" 335
"../../../Engine/Content/MobileResources/HUD/T_Castle_ThumbstickOutter.uasset" 336
"../../../Engine/Content/Tutorial/ContentIntroCurve.uasset" 337
"../../../Engine/Content/Tutorial/Basics/LevelEditorAttract.uasset" 338
"../../../Engine/Content/VREditor/LaserPointer/VR_LaserPower_01.uasset" 339
"../../../Engine/Content/VREditor/TransformGizmo/TransformGizmoMaterial.uasset" 340
"../../../Engine/Content/VREditor/TransformGizmo/TranslucentTransformGizmoMaterial.uasset" 341
"../../../Engine/Content/VREditor/TransformGizmo/BoundingBoxCorner.uasset" 342
"../../../Engine/Content/VREditor/TransformGizmo/BoundingBoxEdge.uasset" 343
"../../../Engine/Content/VREditor/TransformGizmo/PlaneTranslationHandle.uasset" 344
"../../../Engine/Content/VREditor/TransformGizmo/Main.uasset" 345
"../../../Engine/Content/VREditor/TransformGizmo/Xray.uasset" 346
"../../../Engine/Content/VREditor/TransformGizmo/SM_Sequencer_Key.uasset" 347
"../../../Engine/Content/VREditor/TransformGizmo/SM_Sequencer_Node.uasset" 348
"../../Plugins/2D/Paper2D/Content/PlaceholderTextures/DummySpriteTexture.uasset" 349
"../../Plugins/2D/Paper2D/Content/DummySprite.uasset" 350
"../../Plugins/2D/Paper2D/Content/DefaultPaperTerrainMaterial.uasset" 351
"../../Plugins/2D/Paper2D/Content/DummySpriteTexture.uasset" 352
"../../Plugins/2D/Paper2D/Content/DefaultSpriteMaterial.uasset" 353
"../../Plugins/2D/Paper2D/Content/MaskedUnlitSpriteMaterial.uasset" 354
"../../Plugins/2D/Paper2D/Content/OpaqueUnlitSpriteMaterial.uasset" 355
"../../Plugins/Runtime/Oculus/OculusVR/Content/OculusMR_RenderTarget.uasset" 356
"../../../Engine/Content/Functions/Engine_MaterialFunctions02/Utility/BreakOutFloat4Components.uasset" 357
"../../../Engine/Content/Functions/Engine_MaterialFunctions02/Utility/MakeFloat2.uasset" 358
"../../../Engine/Content/Functions/Engine_MaterialFunctions02/Utility/MakeFloat3.uasset" 359
"../../Plugins/Runtime/Oculus/OculusVR/Content/Materials/OculusMR_ChromaKey.uasset" 360
"../../Plugins/Runtime/Oculus/OculusVR/Content/Materials/OculusMR_ChromaKey_Lit.uasset" 361
"../../Plugins/Runtime/Oculus/OculusVR/Content/Materials/OculusMR_OpaqueColoredMaterial.uasset" 362
"../../Plugins/Runtime/Oculus/OculusVR/Content/Materials/OculusMR_WhiteMaterial.uasset" 363
"../../../Engine/Content/EngineSky/C_Sky_Cloud_Color.uasset" 364
"../../../Engine/Content/EngineSky/C_Sky_Horizon_Color.uasset" 365
"../../../Engine/Content/EngineSky/C_Sky_Zenith_Color.uasset" 366
"../../../Engine/Content/EngineSky/T_Sky_Blue.uasset" 367
"../../../Engine/Content/EngineSky/T_Sky_Clouds_M.uasset" 368
"../../../Engine/Content/EngineSky/T_Sky_Stars.uasset" 369
"../../../Engine/Content/EngineSky/M_Sky_Panning_Clouds2.uasset" 370
"../../../Engine/Content/EngineSky/SM_SkySphere.uasset" 371
"../../../Engine/Content/EngineSky/BP_Sky_Sphere.uasset" 372
"C:/Users/thomas.bugden/Documents/GitHub/NoLiftNoLove/Content/Sprites/RippedBoy/LiftHold.uasset" 373
"C:/Users/thomas.bugden/Documents/GitHub/NoLiftNoLove/Content/Sprites/RippedBoy/LiftLow.uasset" 374
"C:/Users/thomas.bugden/Documents/GitHub/NoLiftNoLove/Content/Sprites/LiftIdle_Flipbook_Blueprint.uasset" 375
"../../../Engine/Content/Functions/Engine_MaterialFunctions03/Procedurals/ComputeFilterWidth.uasset" 376
"../../../Engine/Content/EngineMaterials/AntiAliasedTextMaterialTranslucent.uasset" 377
"C:/Users/thomas.bugden/Documents/GitHub/NoLiftNoLove/Content/Geometry/Meshes/1M_Cube.uasset" 378
"C:/Users/thomas.bugden/Documents/GitHub/NoLiftNoLove/Content/Geometry/Meshes/TemplateFloor.uasset" 379
"C:/Users/thomas.bugden/Documents/GitHub/NoLiftNoLove/Content/SideScrollerCPP/Maps/artTestMap1.umap" 380
"C:/Users/thomas.bugden/Documents/GitHub/NoLiftNoLove/Content/imported/material/metal.uasset" 381
"C:/Users/thomas.bugden/Documents/GitHub/NoLiftNoLove/Content/imported/material/weights.uasset" 382
"C:/Users/thomas.bugden/Documents/GitHub/NoLiftNoLove/Content/imported/meshes/Enviro/equipment/barbell_bar_barbells_equipment.uasset" 383
"C:/Users/thomas.bugden/Documents/GitHub/NoLiftNoLove/Content/imported/meshes/Enviro/equipment/barbell_barbells_equipment_barbell1.uasset" 384
"C:/Users/thomas.bugden/Documents/GitHub/NoLiftNoLove/Content/Blueprint/Barbell1.uasset" 385
"C:/Users/thomas.bugden/Documents/GitHub/NoLiftNoLove/Content/imported/meshes/Enviro/equipment/barbell_barbells_equipment_barbell2.uasset" 386
"C:/Users/thomas.bugden/Documents/GitHub/NoLiftNoLove/Content/Blueprint/barbell2.uasset" 387
"C:/Users/thomas.bugden/Documents/GitHub/NoLiftNoLove/Content/imported/meshes/Enviro/equipment/barbell_barbells_equipment_barbell3.uasset" 388
"C:/Users/thomas.bugden/Documents/GitHub/NoLiftNoLove/Content/Blueprint/barbell3.uasset" 389
"C:/Users/thomas.bugden/Documents/GitHub/NoLiftNoLove/Content/Blueprint/barbellMAX.uasset" 390
"C:/Users/thomas.bugden/Documents/GitHub/NoLiftNoLove/Content/imported/meshes/Enviro/equipment/Bench.uasset" 391
"C:/Users/thomas.bugden/Documents/GitHub/NoLiftNoLove/Content/Blueprint/benches.uasset" 392
"C:/Users/thomas.bugden/Documents/GitHub/NoLiftNoLove/Content/imported/meshes/Enviro/equipment/BenchPress.uasset" 393
"C:/Users/thomas.bugden/Documents/GitHub/NoLiftNoLove/Content/Blueprint/benchPressSection.uasset" 394
"C:/Users/thomas.bugden/Documents/GitHub/NoLiftNoLove/Content/imported/meshes/Enviro/equipment/dumbell_rack.uasset" 395
"C:/Users/thomas.bugden/Documents/GitHub/NoLiftNoLove/Content/Blueprint/dumbbellsection.uasset" 396
"C:/Users/thomas.bugden/Documents/GitHub/NoLiftNoLove/Content/imported/meshes/Enviro/gym/gym_ceiling_gym.uasset" 397
"C:/Users/thomas.bugden/Documents/GitHub/NoLiftNoLove/Content/imported/meshes/Enviro/gym/gym_gym_entrance.uasset" 398
"C:/Users/thomas.bugden/Documents/GitHub/NoLiftNoLove/Content/imported/meshes/Enviro/gym/gym_gym_floor.uasset" 399
"C:/Users/thomas.bugden/Documents/GitHub/NoLiftNoLove/Content/imported/meshes/Enviro/gym/gym_gym_wall.uasset" 400
"C:/Users/thomas.bugden/Documents/GitHub/NoLiftNoLove/Content/imported/meshes/Enviro/gym/gym_gym_window.uasset" 401
"C:/Users/thomas.bugden/Documents/GitHub/NoLiftNoLove/Content/imported/meshes/Enviro/gym/gym_gym_windowGlass.uasset" 402
"C:/Users/thomas.bugden/Documents/GitHub/NoLiftNoLove/Content/Blueprint/gym.uasset" 403
"C:/Users/thomas.bugden/Documents/GitHub/NoLiftNoLove/Content/imported/meshes/Enviro/others/light.uasset" 404
"C:/Users/thomas.bugden/Documents/GitHub/NoLiftNoLove/Content/Blueprint/light.uasset" 405
"C:/Users/thomas.bugden/Documents/GitHub/NoLiftNoLove/Content/imported/material/mat.uasset" 406
"C:/Users/thomas.bugden/Documents/GitHub/NoLiftNoLove/Content/imported/meshes/Enviro/equipment/mat.uasset" 407
"C:/Users/thomas.bugden/Documents/GitHub/NoLiftNoLove/Content/Blueprint/mats.uasset" 408
"C:/Users/thomas.bugden/Documents/GitHub/NoLiftNoLove/Content/imported/material/threadmill_initialShadingGroup_BaseColor.uasset" 409
"C:/Users/thomas.bugden/Documents/GitHub/NoLiftNoLove/Content/imported/material/threadmill.uasset" 410
"C:/Users/thomas.bugden/Documents/GitHub/NoLiftNoLove/Content/imported/meshes/Enviro/equipment/threadmill.uasset" 411
"C:/Users/thomas.bugden/Documents/GitHub/NoLiftNoLove/Content/Blueprint/threadmillRows.uasset" 412
"C:/Users/thomas.bugden/Documents/GitHub/NoLiftNoLove/Content/imported/Images/Credit.uasset" 413
"C:/Users/thomas.bugden/Documents/GitHub/NoLiftNoLove/Content/imported/Images/Credit_2.uasset" 414
"C:/Users/thomas.bugden/Documents/GitHub/NoLiftNoLove/Content/imported/Images/Quit.uasset" 415
"C:/Users/thomas.bugden/Documents/GitHub/NoLiftNoLove/Content/imported/Images/Quit_2.uasset" 416
"C:/Users/thomas.bugden/Documents/GitHub/NoLiftNoLove/Content/imported/Images/START.uasset" 417
"C:/Users/thomas.bugden/Documents/GitHub/NoLiftNoLove/Content/imported/Images/START_2.uasset" 418
"C:/Users/thomas.bugden/Documents/GitHub/NoLiftNoLove/Content/imported/Images/titlescreen.uasset" 419
"C:/Users/thomas.bugden/Documents/GitHub/NoLiftNoLove/Content/imported/Images/You_WIN.uasset" 420
"C:/Users/thomas.bugden/Documents/GitHub/NoLiftNoLove/Content/Sprites/Cinematic/Cinematic1.uasset" 421
"C:/Users/thomas.bugden/Documents/GitHub/NoLiftNoLove/Content/SideScrollerCPP/Blueprints/UI/EndGameWin.uasset" 422
"C:/Users/thomas.bugden/Documents/GitHub/NoLiftNoLove/Content/SideScrollerCPP/Blueprints/UI/EndGameLost.uasset" 423
"C:/Users/thomas.bugden/Documents/GitHub/NoLiftNoLove/Content/SideScrollerCPP/Blueprints/UI/LazyAssGameScreen.uasset" 424
"C:/Users/thomas.bugden/Documents/GitHub/NoLiftNoLove/Content/SideScrollerCPP/Blueprints/UI/InGameWidget.uasset" 425
"C:/Users/thomas.bugden/Documents/GitHub/NoLiftNoLove/Content/SideScrollerCPP/Blueprints/UI/IntroCutscene.uasset" 426
"C:/Users/thomas.bugden/Documents/GitHub/NoLiftNoLove/Content/SideScrollerCPP/Blueprints/UI/MainMenu.uasset" 427
"C:/Users/thomas.bugden/Documents/GitHub/NoLiftNoLove/Content/SideScrollerCPP/Blueprints/UI/MainHud.uasset" 428
"C:/Users/thomas.bugden/Documents/GitHub/NoLiftNoLove/Content/SideScrollerCPP/Blueprints/BP_NoLiftNoLoveGameMode.uasset" 429
"C:/Users/thomas.bugden/Documents/GitHub/NoLiftNoLove/Content/SideScrollerCPP/Blueprints/GymEquipment/InteractionBox.uasset" 430
"C:/Users/thomas.bugden/Documents/GitHub/NoLiftNoLove/Content/Geometry/Meshes/transparentCube.uasset" 431
"C:/Users/thomas.bugden/Documents/GitHub/NoLiftNoLove/Content/imported/meshes/Enviro/equipment/squat.uasset" 432
"C:/Users/thomas.bugden/Documents/GitHub/NoLiftNoLove/Content/SideScrollerCPP/Maps/FinalMap.umap" 433
"C:/Users/thomas.bugden/Documents/GitHub/NoLiftNoLove/Content/SideScrollerCPP/Maps/GYM_BuiltData.uasset" 434
"C:/Users/thomas.bugden/Documents/GitHub/NoLiftNoLove/Content/SideScrollerCPP/Maps/GYM.umap" 435
"C:/Users/thomas.bugden/Documents/GitHub/NoLiftNoLove/Content/SideScrollerCPP/Maps/SideScrollerExampleMap_BuiltData.uasset" 436
"C:/Users/thomas.bugden/Documents/GitHub/NoLiftNoLove/Content/SideScrollerCPP/Maps/SideScrollerExampleMap.umap" 437
"../../../Engine/Content/Maps/Entry_BuiltData.uasset" 438
"../../../Engine/Content/Maps/Entry.umap" 439
